
> convy@0.1.0 build
> next build --debug-prerender

⚠ Prerendering is running in debug mode. Note: This may affect performance and should not be used for production.
▲ Next.js 16.1.5 (Turbopack, Cache Components)
- Environments: .env
- Experiments (use with caution):
  · clientTraceMetadata
  ⨯ prerenderEarlyExit (disabled by `--debug-prerender`)
  ✓ serverSourceMaps (enabled by `--debug-prerender`)
  ⨯ turbopackMinify (disabled by `--debug-prerender`)

  Creating an optimized production build ...
Turbopack build encountered 2 warnings:
./node_modules/.pnpm/bullmq@5.66.7/node_modules/bullmq/dist/esm/classes
Package ioredis can't be external
The request ioredis/built/utils matches serverExternalPackages (or the default list).
The request could not be resolved by Node.js from the importing module. The way Node.js resolves modules is slightly different from the way Next.js resolves modules. Next.js was able to resolve it, while Node.js would not be able to.
Try to remove this package from serverExternalPackages.
Or update the import side to use a compatible request that can be resolved by Node.js.


./node_modules/.pnpm/bullmq@5.66.7/node_modules/bullmq/dist/esm/utils
Package ioredis can't be external
The request ioredis/built/utils matches serverExternalPackages (or the default list).
The request could not be resolved by Node.js from the importing module. The way Node.js resolves modules is slightly different from the way Next.js resolves modules. Next.js was able to resolve it, while Node.js would not be able to.
Try to remove this package from serverExternalPackages.
Or update the import side to use a compatible request that can be resolved by Node.js.


✓ Compiled successfully in 2.8min
  Running next.config.js provided runAfterProductionCompile ...
✓ Completed runAfterProductionCompile in 13029ms
  Running TypeScript ...
Failed to compile.

./app/[locale]/(dashboard)/dashboard/surveys/page.tsx:245:30
Type error: Cannot find name 'handleSearchChange'.

[0m [90m 243 |[39m             placeholder[33m=[39m{t([32m"Search.Placeholder"[39m)}
 [90m 244 |[39m             value[33m=[39m{searchQuery}
[31m[1m>[22m[39m[90m 245 |[39m             onChange[33m=[39m{(e) [33m=>[39m handleSearchChange(e[33m.[39mtarget[33m.[39mvalue)}
 [90m     |[39m                              [31m[1m^[22m[39m
 [90m 246 |[39m             className[33m=[39m[32m"w-full pl-11 pr-4 py-3 bg-white border border-gray-200 rounded-xl focus:ring-2 focus:ring-gray-900/10 focus:border-gray-300 outline-none transition-all text-sm"[39m
 [90m 247 |[39m           [33m/[39m[33m>[39m
 [90m 248 |[39m         [33m<[39m[33m/[39m[33mdiv[39m[33m>[39m[0m
Next.js build worker exited with code: 1 and signal: null
