
> convy@0.1.0 build
> next build --debug-prerender

⚠ Prerendering is running in debug mode. Note: This may affect performance and should not be used for production.
▲ Next.js 16.1.5 (Turbopack, Cache Components)
- Environments: .env
- Experiments (use with caution):
  · clientTraceMetadata
  ⨯ prerenderEarlyExit (disabled by `--debug-prerender`)
  ✓ serverSourceMaps (enabled by `--debug-prerender`)
  ⨯ turbopackMinify (disabled by `--debug-prerender`)

  Creating an optimized production build ...
Turbopack build encountered 2 warnings:
./node_modules/.pnpm/bullmq@5.66.7/node_modules/bullmq/dist/esm/classes
Package ioredis can't be external
The request ioredis/built/utils matches serverExternalPackages (or the default list).
The request could not be resolved by Node.js from the importing module. The way Node.js resolves modules is slightly different from the way Next.js resolves modules. Next.js was able to resolve it, while Node.js would not be able to.
Try to remove this package from serverExternalPackages.
Or update the import side to use a compatible request that can be resolved by Node.js.


./node_modules/.pnpm/bullmq@5.66.7/node_modules/bullmq/dist/esm/utils
Package ioredis can't be external
The request ioredis/built/utils matches serverExternalPackages (or the default list).
The request could not be resolved by Node.js from the importing module. The way Node.js resolves modules is slightly different from the way Next.js resolves modules. Next.js was able to resolve it, while Node.js would not be able to.
Try to remove this package from serverExternalPackages.
Or update the import side to use a compatible request that can be resolved by Node.js.


✓ Compiled successfully in 2.2min
  Running next.config.js provided runAfterProductionCompile ...
✓ Completed runAfterProductionCompile in 15149ms
  Running TypeScript ...
Failed to compile.

./app/[locale]/(dashboard)/dashboard/surveys/page.tsx:140:7
Type error: Cannot find name 'setCopiedLink'.

[0m [90m 138 |[39m     [36mtry[39m {
 [90m 139 |[39m       [36mawait[39m navigator[33m.[39mclipboard[33m.[39mwriteText(shareableLink)[33m;[39m
[31m[1m>[22m[39m[90m 140 |[39m       setCopiedLink(shareableLink)[33m;[39m
 [90m     |[39m       [31m[1m^[22m[39m
 [90m 141 |[39m       toast[33m.[39msuccess(t([32m"Card.Toasts.LinkCopied"[39m) [33m||[39m [32m"Link copied to clipboard!"[39m)[33m;[39m
 [90m 142 |[39m       setTimeout(() [33m=>[39m setCopiedLink([36mnull[39m)[33m,[39m [35m2000[39m)[33m;[39m
 [90m 143 |[39m     } [36mcatch[39m (error) {[0m
Next.js build worker exited with code: 1 and signal: null
