
> convy@0.1.0 build
> next build --debug-prerender

⚠ Prerendering is running in debug mode. Note: This may affect performance and should not be used for production.
▲ Next.js 16.1.5 (Turbopack, Cache Components)
- Environments: .env
- Experiments (use with caution):
  ⨯ prerenderEarlyExit (disabled by `--debug-prerender`)
  ✓ serverSourceMaps (enabled by `--debug-prerender`)
  ⨯ turbopackMinify (disabled by `--debug-prerender`)

  Creating an optimized production build ...
✓ Compiled successfully in 92s
  Running TypeScript ...
  Collecting page data using 11 workers ...
  Generating static pages using 11 workers (0/184) ...
  Generating static pages using 11 workers (46/184) 
  Generating static pages using 11 workers (92/184) 
  Generating static pages using 11 workers (138/184) 
✓ Generating static pages using 11 workers (184/184) in 39.0s
  Finalizing page optimization ...

Route (app)
┌ ○ /_not-found
├ ◐ /[locale]
│ ├ /[locale]
│ ├ /en
│ ├ /fr
│ └ [+3 more paths]
├ ◐ /[locale]/admin
│ ├ /[locale]/admin
│ ├ /en/admin
│ ├ /fr/admin
│ └ [+3 more paths]
├ ◐ /[locale]/admin/surveys
│ ├ /[locale]/admin/surveys
│ ├ /en/admin/surveys
│ ├ /fr/admin/surveys
│ └ [+3 more paths]
├ ◐ /[locale]/admin/surveys/[id]
│ ├ /[locale]/admin/surveys/[id]
│ ├ /en/admin/surveys/[id]
│ ├ /fr/admin/surveys/[id]
│ └ [+3 more paths]
├ ◐ /[locale]/admin/usage
│ ├ /[locale]/admin/usage
│ ├ /en/admin/usage
│ ├ /fr/admin/usage
│ └ [+3 more paths]
├ ◐ /[locale]/admin/users
│ ├ /[locale]/admin/users
│ ├ /en/admin/users
│ ├ /fr/admin/users
│ └ [+3 more paths]
├ ◐ /[locale]/dashboard
│ ├ /[locale]/dashboard
│ ├ /en/dashboard
│ ├ /fr/dashboard
│ └ [+3 more paths]
├ ◐ /[locale]/dashboard/analytics
│ ├ /[locale]/dashboard/analytics
│ ├ /en/dashboard/analytics
│ ├ /fr/dashboard/analytics
│ └ [+3 more paths]
├ ◐ /[locale]/dashboard/create
│ ├ /[locale]/dashboard/create
│ ├ /en/dashboard/create
│ ├ /fr/dashboard/create
│ └ [+3 more paths]
├ ◐ /[locale]/dashboard/profile
│ ├ /[locale]/dashboard/profile
│ ├ /en/dashboard/profile
│ ├ /fr/dashboard/profile
│ └ [+3 more paths]
├ ◐ /[locale]/dashboard/projects
│ ├ /[locale]/dashboard/projects
│ ├ /en/dashboard/projects
│ ├ /fr/dashboard/projects
│ └ [+3 more paths]
├ ◐ /[locale]/dashboard/projects/[projectId]
│ ├ /[locale]/dashboard/projects/[projectId]
│ ├ /en/dashboard/projects/[projectId]
│ ├ /fr/dashboard/projects/[projectId]
│ └ [+3 more paths]
├ ◐ /[locale]/dashboard/settings
│ ├ /[locale]/dashboard/settings
│ ├ /en/dashboard/settings
│ ├ /fr/dashboard/settings
│ └ [+3 more paths]
├ ◐ /[locale]/dashboard/surveys
│ ├ /[locale]/dashboard/surveys
│ ├ /en/dashboard/surveys
│ ├ /fr/dashboard/surveys
│ └ [+3 more paths]
├ ◐ /[locale]/dashboard/surveys/[surveyId]
│ ├ /[locale]/dashboard/surveys/[surveyId]
│ ├ /en/dashboard/surveys/[surveyId]
│ ├ /fr/dashboard/surveys/[surveyId]
│ └ [+3 more paths]
├ ◐ /[locale]/dashboard/surveys/[surveyId]/analytics
│ ├ /[locale]/dashboard/surveys/[surveyId]/analytics
│ ├ /en/dashboard/surveys/[surveyId]/analytics
│ ├ /fr/dashboard/surveys/[surveyId]/analytics
│ └ [+3 more paths]
├ ◐ /[locale]/dashboard/surveys/[surveyId]/analytics/chat
│ ├ /[locale]/dashboard/surveys/[surveyId]/analytics/chat
│ ├ /en/dashboard/surveys/[surveyId]/analytics/chat
│ ├ /fr/dashboard/surveys/[surveyId]/analytics/chat
│ └ [+3 more paths]
├ ◐ /[locale]/dashboard/surveys/[surveyId]/analytics/conversations
│ ├ /[locale]/dashboard/surveys/[surveyId]/analytics/conversations
│ ├ /en/dashboard/surveys/[surveyId]/analytics/conversations
│ ├ /fr/dashboard/surveys/[surveyId]/analytics/conversations
│ └ [+3 more paths]
├ ◐ /[locale]/dashboard/surveys/[surveyId]/responses/[responseId]
│ ├ /[locale]/dashboard/surveys/[surveyId]/responses/[responseId]
│ ├ /en/dashboard/surveys/[surveyId]/responses/[responseId]
│ ├ /fr/dashboard/surveys/[surveyId]/responses/[responseId]
│ └ [+3 more paths]
├ ◐ /[locale]/dashboard/surveys/[surveyId]/sample-review
│ ├ /[locale]/dashboard/surveys/[surveyId]/sample-review
│ ├ /en/dashboard/surveys/[surveyId]/sample-review
│ ├ /fr/dashboard/surveys/[surveyId]/sample-review
│ └ [+3 more paths]
├ ◐ /[locale]/dashboard/team
│ ├ /[locale]/dashboard/team
│ ├ /en/dashboard/team
│ ├ /fr/dashboard/team
│ └ [+3 more paths]
├ ◐ /[locale]/forgot-password
│ ├ /[locale]/forgot-password
│ ├ /en/forgot-password
│ ├ /fr/forgot-password
│ └ [+3 more paths]
├ ◐ /[locale]/reset-password
│ ├ /[locale]/reset-password
│ ├ /en/reset-password
│ ├ /fr/reset-password
│ └ [+3 more paths]
├ ◐ /[locale]/s/[shareableLink]
│ ├ /[locale]/s/[shareableLink]
│ ├ /en/s/[shareableLink]
│ ├ /fr/s/[shareableLink]
│ └ [+3 more paths]
├ ◐ /[locale]/s/[shareableLink]/respond
│ ├ /[locale]/s/[shareableLink]/respond
│ ├ /en/s/[shareableLink]/respond
│ ├ /fr/s/[shareableLink]/respond
│ └ [+3 more paths]
├ ◐ /[locale]/sign-in
│ ├ /[locale]/sign-in
│ ├ /en/sign-in
│ ├ /fr/sign-in
│ └ [+3 more paths]
├ ◐ /[locale]/sign-up
│ ├ /[locale]/sign-up
│ ├ /en/sign-up
│ ├ /fr/sign-up
│ └ [+3 more paths]
├ ◐ /[locale]/verify-email
│ ├ /[locale]/verify-email
│ ├ /en/verify-email
│ ├ /fr/verify-email
│ └ [+3 more paths]
├ ◐ /[locale]/workspace/accept-invitation/[id]
│ ├ /[locale]/workspace/accept-invitation/[id]
│ ├ /en/workspace/accept-invitation/[id]
│ ├ /fr/workspace/accept-invitation/[id]
│ └ [+3 more paths]
├ ƒ /api/auth/[...better-auth]
├ ƒ /api/auth/token
├ ƒ /api/health
├ ƒ /api/internal/agent-performance
├ ƒ /api/surveys
├ ƒ /api/surveys/[surveyId]
├ ƒ /api/surveys/[surveyId]/analytics
├ ƒ /api/surveys/[surveyId]/analytics/chat
├ ƒ /api/surveys/[surveyId]/analytics/chat-sessions
├ ƒ /api/surveys/[surveyId]/analytics/chat-sessions/[sessionId]
├ ƒ /api/surveys/[surveyId]/analytics/check-delta
├ ƒ /api/surveys/[surveyId]/analytics/conversations
├ ƒ /api/surveys/[surveyId]/analytics/generative
├ ƒ /api/surveys/[surveyId]/chat
├ ƒ /api/surveys/[surveyId]/conversations/[conversationId]/feedback
├ ƒ /api/surveys/[surveyId]/create
├ ƒ /api/surveys/[surveyId]/details
├ ƒ /api/surveys/[surveyId]/finalize-creation
├ ƒ /api/surveys/[surveyId]/media/remove
├ ƒ /api/surveys/[surveyId]/media/update
├ ƒ /api/surveys/[surveyId]/media/upload
├ ƒ /api/surveys/[surveyId]/publish
├ ƒ /api/surveys/[surveyId]/responses
├ ƒ /api/surveys/[surveyId]/responses/[responseId]
├ ƒ /api/surveys/[surveyId]/sample
├ ƒ /api/surveys/[surveyId]/sample/feedback
├ ƒ /api/surveys/[surveyId]/status
├ ƒ /api/surveys/respond/[shareableLink]
├ ƒ /api/surveys/shared/[shareableLink]
├ ƒ /api/user/language
├ ○ /icon.png
├ ○ /robots.txt
└ ƒ /sitemap.xml


ƒ Proxy (Middleware)

○  (Static)             prerendered as static content
◐  (Partial Prerender)  prerendered as static HTML with dynamic server-streamed content
ƒ  (Dynamic)            server-rendered on demand

