
> convy@0.1.0 build C:\Users\pc\convy
> next build

⚠ Warning: Next.js inferred your workspace root, but it may not be correct.
 We detected multiple lockfiles and selected the directory of C:\Users\pc\pnpm-lock.yaml as the root directory.
 To silence this warning, set `turbopack.root` in your Next.js config, or consider removing one of the lockfiles if it's not needed.
   See https://nextjs.org/docs/app/api-reference/config/next-config-js/turbopack#root-directory for more information.
 Detected additional lockfiles: 
   * C:\Users\pc\convy\pnpm-lock.yaml

▲ Next.js 16.1.5 (Turbopack)
- Environments: .env

  Creating an optimized production build ...

> Build error occurred
Error: Turbopack build failed with 1 errors:
./convy/app/[locale]/layout.tsx:4:1
Module not found: Can't resolve '../../globals.css'
[0m [90m 2 |[39m [36mimport[39m localFont [36mfrom[39m [32m"next/font/local"[39m[33m;[39m
 [90m 3 |[39m [36mimport[39m { [33mFasthand[39m } [36mfrom[39m [32m"next/font/google"[39m[33m;[39m
[31m[1m>[22m[39m[90m 4 |[39m [36mimport[39m [32m"../../globals.css"[39m[33m;[39m
 [90m   |[39m [31m[1m^[22m[39m[31m[1m^[22m[39m[31m[1m^[22m[39m[31m[1m^[22m[39m[31m[1m^[22m[39m[31m[1m^[22m[39m[31m[1m^[22m[39m[31m[1m^[22m[39m[31m[1m^[22m[39m[31m[1m^[22m[39m[31m[1m^[22m[39m[31m[1m^[22m[39m[31m[1m^[22m[39m[31m[1m^[22m[39m[31m[1m^[22m[39m[31m[1m^[22m[39m[31m[1m^[22m[39m[31m[1m^[22m[39m[31m[1m^[22m[39m[31m[1m^[22m[39m[31m[1m^[22m[39m[31m[1m^[22m[39m[31m[1m^[22m[39m[31m[1m^[22m[39m[31m[1m^[22m[39m[31m[1m^[22m[39m[31m[1m^[22m[39m
 [90m 5 |[39m [36mimport[39m { [33mToaster[39m } [36mfrom[39m [32m"react-hot-toast"[39m[33m;[39m
 [90m 6 |[39m [36mimport[39m [33mProviders[39m [36mfrom[39m [32m"../providers"[39m[33m;[39m
 [90m 7 |[39m [36mimport[39m { [33mNextIntlClientProvider[39m } [36mfrom[39m [32m"next-intl"[39m[33m;[39m[0m



https://nextjs.org/docs/messages/module-not-found


    at <unknown> (./convy/app/[locale]/layout.tsx:4:1)
    at <unknown> (https://nextjs.org/docs/messages/module-not-found)
 ELIFECYCLE  Command failed with exit code 1.
