
> convy@0.1.0 build
> next build

▲ Next.js 16.1.5 (Turbopack, Cache Components)
- Environments: .env

  Creating an optimized production build ...
✓ Compiled successfully in 71s
  Running TypeScript ...
Failed to compile.

./components/dashboard/survey-card.tsx:87:34
Type error: Type '{ children: string[]; }' is not assignable to type 'ClientTProps'.
  Types of property 'children' are incompatible.
    Type 'string[]' is not assignable to type 'string'.

[0m [90m 85 |[39m                         {projectName [33m&&[39m (
 [90m 86 |[39m                             [33m<[39m[33mp[39m className[33m=[39m[32m"text-xs text-gray-400 truncate"[39m[33m>[39m
[31m[1m>[22m[39m[90m 87 |[39m                                 [33m<[39m[33mClientT[39m[33m>[39m[36min[39m {projectName}[33m<[39m[33m/[39m[33mClientT[39m[33m>[39m
 [90m    |[39m                                  [31m[1m^[22m[39m
 [90m 88 |[39m                             [33m<[39m[33m/[39m[33mp[39m[33m>[39m
 [90m 89 |[39m                         )}
 [90m 90 |[39m                     [33m<[39m[33m/[39m[33mdiv[39m[33m>[39m[0m
Next.js build worker exited with code: 1 and signal: null
