
> convy@0.1.0 build
> next build --debug-prerender

⚠ Prerendering is running in debug mode. Note: This may affect performance and should not be used for production.
▲ Next.js 16.1.5 (Turbopack, Cache Components)
- Environments: .env
- Experiments (use with caution):
  ⨯ prerenderEarlyExit (disabled by `--debug-prerender`)
  ✓ serverSourceMaps (enabled by `--debug-prerender`)
  ⨯ turbopackMinify (disabled by `--debug-prerender`)

  Creating an optimized production build ...
✓ Compiled successfully in 103s
  Running TypeScript ...
  Collecting page data using 11 workers ...
  Generating static pages using 11 workers (0/185) ...
  Generating static pages using 11 workers (46/185) 
  Generating static pages using 11 workers (92/185) 
  Generating static pages using 11 workers (138/185) 
Error: Route "/admin/surveys/[id]": Uncached data was accessed outside of <Suspense>. This delays the entire page from rendering, resulting in a slow user experience. Learn more: https://nextjs.org/docs/messages/blocking-route
    at ignore-listed frames
To get a more detailed stack trace and pinpoint the issue, start the app in development mode by running `next dev`, then open "/admin/surveys/[id]" in your browser to investigate the error.
Error occurred prerendering page "/admin/surveys/[id]". Read more: https://nextjs.org/docs/messages/prerender-error

> Export encountered errors on following paths:
	/admin/surveys/[id]/page: /admin/surveys/[id]
