
> convy@0.1.0 build
> next build

▲ Next.js 16.1.5 (Turbopack, Cache Components)
- Environments: .env

  Creating an optimized production build ...
✓ Compiled successfully in 66s
  Running TypeScript ...
  Collecting page data using 11 workers ...
[Redis Client] Connected
[Redis Client] Connected
[Redis Client] Connected
[Redis Client] Ready
[Redis Client] Ready
[Redis Client] Connected
[Redis Client] Connected
[Redis Client] Connected
[Redis Client] Ready
[Redis Client] Ready
[Redis Client] Ready
[Redis Client] Ready
[Redis Client] Connected
[Redis Client] Ready
[Redis Client] Connected
[Redis Client] Ready
[Redis Client] Connected
[Redis Client] Ready
Error: A required root parameter (locale) was not provided in generateStaticParams for /[locale]/dashboard/analytics, please provide at least one value.
    at ignore-listed frames

> Build error occurred
Error: Failed to collect page data for /[locale]/dashboard/analytics
    at ignore-listed frames {
  type: 'Error'
}
